<?xml version="1.0" encoding="UTF-8"?>
<!-- Generated by org.testng.reporters.JUnitXMLReporter -->
<testsuite ignored="0" hostname="DESKTOP-O28HRBL" failures="0" tests="7" name="Sign In Page Tests" time="50.208" errors="0" timestamp="2024-03-02T11:54:58 IST">
  <testcase classname="SignInPageTests" name="VicariusValidSignIn" time="4.941"/>
  <testcase classname="SignInPageTests" name="VicariusEmptySignIn" time="13.177"/>
  <testcase classname="SignInPageTests" name="VicariusInvalidSignIn" time="13.323"/>
  <testcase classname="SignInPageTests" name="VicariusMissingEmailSignIn" time="2.07"/>
  <testcase classname="SignInPageTests" name="VicariusOption" time="0.63"/>
  <testcase classname="SignInPageTests" name="VicariusFeaturesAndFAQ" time="0.971"/>
  <testcase classname="SignInPageTests" name="VicariusUIVisible" time="1.018"/>
</testsuite> <!-- Sign In Page Tests -->
