<?xml version="1.0" encoding="UTF-8"?>
<!-- Generated by org.testng.reporters.JUnitXMLReporter -->
<testsuite ignored="0" hostname="DESKTOP-O28HRBL" failures="0" tests="7" name="Sign Up Page Tests" time="70.573" errors="0" timestamp="2024-03-02T11:56:08 IST">
  <testcase classname="SignUpPageTests" name="VicariusValidSignUp" time="6.957"/>
  <testcase classname="SignUpPageTests" name="VicariusEmptySignUp" time="2.922"/>
  <testcase classname="SignUpPageTests" name="VicariusOption" time="0.632"/>
  <testcase classname="SignUpPageTests" name="VicariusPasswordMismatch" time="8.002"/>
  <testcase classname="SignUpPageTests" name="VicariusPasswordRules" time="34.07"/>
  <testcase classname="SignUpPageTests" name="VicariusFeaturesAndFAQ" time="1.117"/>
  <testcase classname="SignUpPageTests" name="VicariusUIVisible" time="1.375"/>
</testsuite> <!-- Sign Up Page Tests -->
