<?xml version="1.0" encoding="UTF-8"?>
<!-- Generated by org.testng.reporters.JUnitXMLReporter -->
<testsuite ignored="0" hostname="DESKTOP-O28HRBL" failures="0" tests="7" name="Sign Up Page Tests" time="31.414" errors="0" timestamp="2024-03-01T16:50:53 IST">
  <testcase classname="SignUpPageTests" name="VicariusValidSignUp" time="0.003"/>
  <testcase classname="SignUpPageTests" name="VicariusEmptySignUp" time="0.0"/>
  <testcase classname="SignUpPageTests" name="VicariusOption" time="0.732"/>
  <testcase classname="SignUpPageTests" name="VicariusFeaturesAndFAQ" time="0.876"/>
  <testcase classname="SignUpPageTests" name="VicariusUIVisible" time="0.43"/>
  <testcase classname="SignUpPageTests" name="VicariusChatWidget" time="11.906"/>
  <testcase classname="SignUpPageTests" name="VicariusMouseCursor" time="1.585"/>
</testsuite> <!-- Sign Up Page Tests -->
