<?xml version="1.0" encoding="UTF-8"?>
<!-- Generated by org.testng.reporters.JUnitXMLReporter -->
<testsuite ignored="0" hostname="DESKTOP-O28HRBL" failures="0" tests="7" name="Sign In Page Tests" time="39.285" errors="0" timestamp="2024-03-03T01:56:52 IST">
  <testcase classname="SignInPageTests" name="VicariusValidSignIn" time="2.871"/>
  <testcase classname="SignInPageTests" name="VicariusEmptySignIn" time="9.084"/>
  <testcase classname="SignInPageTests" name="VicariusInvalidSignIn" time="8.103"/>
  <testcase classname="SignInPageTests" name="VicariusMissingEmailSignIn" time="1.923"/>
  <testcase classname="SignInPageTests" name="VicariusOption" time="0.514"/>
  <testcase classname="SignInPageTests" name="VicariusFeaturesAndFAQ" time="0.952"/>
  <testcase classname="SignInPageTests" name="VicariusUIVisible" time="0.872"/>
</testsuite> <!-- Sign In Page Tests -->
