<?xml version="1.0" encoding="UTF-8"?>
<!-- Generated by org.testng.reporters.JUnitXMLReporter -->
<testsuite ignored="0" hostname="DESKTOP-O28HRBL" failures="0" tests="9" name="Surefire test" time="61.567" errors="0" timestamp="2024-03-01T12:20:15 IST">
  <testcase classname="vicarius.SignInPageTests" name="VicariusValidSignIn" time="3.664"/>
  <testcase classname="vicarius.SignInPageTests" name="VicariusEmptySignIn" time="12.625"/>
  <testcase classname="vicarius.SignInPageTests" name="VicariusInvalidSignIn" time="12.599"/>
  <testcase classname="vicarius.SignInPageTests" name="VicariusMissingEmailSignIn" time="1.528"/>
  <testcase classname="vicarius.SignInPageTests" name="VicariusOption" time="0.417"/>
  <testcase classname="vicarius.SignInPageTests" name="VicariusFeaturesAndFAQ" time="0.928"/>
  <testcase classname="vicarius.SignInPageTests" name="VicariusUIVisible" time="0.626"/>
  <testcase classname="vicarius.SignInPageTests" name="VicariusChatWidget" time="11.867"/>
  <testcase classname="vicarius.SignInPageTests" name="VicariusMouseCursor" time="1.837"/>
</testsuite> <!-- Surefire test -->
