<?xml version="1.0" encoding="UTF-8"?>
<!-- Generated by org.testng.reporters.JUnitXMLReporter -->
<testsuite ignored="0" hostname="DESKTOP-O28HRBL" failures="0" tests="9" name="Surefire test" time="46.498" errors="0" timestamp="2024-02-29T18:33:08 IST">
  <testcase classname="vicarius.SignInPageTests" name="VicariusValidSignIn" time="3.865"/>
  <testcase classname="vicarius.SignInPageTests" name="VicariusEmptySignIn" time="7.451"/>
  <testcase classname="vicarius.SignInPageTests" name="VicariusInvalidSignIn" time="7.507"/>
  <testcase classname="vicarius.SignInPageTests" name="VicariusMissingEmailSignIn" time="1.487"/>
  <testcase classname="vicarius.SignInPageTests" name="VicariusOption" time="0.336"/>
  <testcase classname="vicarius.SignInPageTests" name="VicariusFeatures" time="1.151"/>
  <testcase classname="vicarius.SignInPageTests" name="VicariusUIVisible" time="0.608"/>
  <testcase classname="vicarius.SignInPageTests" name="VicariusChatWidget" time="6.689"/>
  <testcase classname="vicarius.SignInPageTests" name="VicariusMouseCursor" time="1.453"/>
</testsuite> <!-- Surefire test -->
