<?xml version="1.0" encoding="UTF-8"?>
<testsuite xmlns:xsi="http://www.w3.org/2001/XMLSchema-instance" xsi:noNamespaceSchemaLocation="https://maven.apache.org/surefire/maven-surefire-plugin/xsd/surefire-test-report-3.0.xsd" version="3.0" name="TestSuite" time="145.267" tests="16" errors="0" skipped="0" failures="0">
  <properties>
[...]
</properties>
  <testcase name="VicariusValidSignIn" classname="SignInPageTests" time="5.073">
    <system-out><![CDATA[----------------- Starting Execution ---------------
----------- Starting Test: Vicarius Valid Sign In -------------
----------- Test: Vicarius Valid Sign In Passed -------------
]]></system-out>
    <system-err><![CDATA[Mar 02, 2024 11:54:14 AM workflows.WebFlows signIn
INFO: Signing in user: admin@vicarius.io
Mar 02, 2024 11:54:16 AM extensions.Verifications verifyApiResponse
INFO: API response status: 200. URL: https://www.vicarius.io/api/v2/forms/signin
]]></system-err>
  </testcase>
  <testcase name="VicariusEmptySignIn" classname="SignInPageTests" time="13.309">
    <system-out><![CDATA[----------- Starting Test: Vicarius Empty Sign In -------------
----------- Test: Vicarius Empty Sign In Passed -------------
]]></system-out>
    <system-err><![CDATA[Mar 02, 2024 11:54:19 AM workflows.WebFlows signIn
INFO: Signing in user: 
Mar 02, 2024 11:54:20 AM workflows.WebFlows verifyCloseNotification
INFO: Closing login notification...
Mar 02, 2024 11:54:32 AM workflows.WebFlows verifyCloseNotification
INFO: Login notification closed successfully.
]]></system-err>
  </testcase>
  <testcase name="VicariusInvalidSignIn" classname="SignInPageTests" time="13.512">
    <system-out><![CDATA[----------- Starting Test: Vicarius Invalid Sign In -------------
----------- Test: Vicarius Invalid Sign In Passed -------------
]]></system-out>
    <system-err><![CDATA[Mar 02, 2024 11:54:33 AM workflows.WebFlows signIn
INFO: Signing in user: sum.ting.wong
Mar 02, 2024 11:54:35 AM workflows.WebFlows verifyCloseNotification
INFO: Closing login notification...
Mar 02, 2024 11:54:46 AM workflows.WebFlows verifyCloseNotification
INFO: Login notification closed successfully.
]]></system-err>
  </testcase>
  <testcase name="VicariusMissingEmailSignIn" classname="SignInPageTests" time="2.173">
    <system-out><![CDATA[----------- Starting Test: Vicarius Missing Email Sign In -------------
----------- Test: Vicarius Missing Email Sign In Passed -------------
]]></system-out>
    <system-err><![CDATA[Mar 02, 2024 11:54:48 AM workflows.WebFlows signIn
INFO: Signing in user: qa.test@victorius.io
Mar 02, 2024 11:54:50 AM extensions.Verifications verifyApiResponse
INFO: API response status: 400. URL: https://www.vicarius.io/api/v2/forms/signin
]]></system-err>
  </testcase>
  <testcase name="VicariusOption" classname="SignInPageTests" time="0.704">
    <system-out><![CDATA[----------- Starting Test: Vicarius Option -------------
----------- Test: Vicarius Option Passed -------------
]]></system-out>
  </testcase>
  <testcase name="VicariusFeaturesAndFAQ" classname="SignInPageTests" time="1.031">
    <system-out><![CDATA[----------- Starting Test: Vicarius Features And F A Q -------------
----------- Test: Vicarius Features And F A Q Passed -------------
]]></system-out>
  </testcase>
  <testcase name="VicariusUIVisible" classname="SignInPageTests" time="1.107">
    <system-out><![CDATA[----------- Starting Test: Vicarius U I Visible -------------
----------- Test: Vicarius U I Visible Passed -------------
]]></system-out>
  </testcase>
  <testcase name="VicariusValidSignUp" classname="SignUpPageTests" time="7.328">
    <system-out><![CDATA[----------------- Ending Execution ---------------
----------------- Starting Execution ---------------
----------- Starting Test: Vicarius Valid Sign Up -------------
----------- Test: Vicarius Valid Sign Up Passed -------------
]]></system-out>
    <system-err><![CDATA[Mar 02, 2024 11:55:03 AM workflows.WebFlows signUp
INFO: Signing up user: Name: Victor Wolf, Email: vwolf@pack.com, Company: WolfPack
Mar 02, 2024 11:55:09 AM extensions.Verifications verifyApiResponse
INFO: API response status: 200. URL: https://www.vicarius.io/api/v2/forms/signup
]]></system-err>
  </testcase>
  <testcase name="VicariusEmptySignUp" classname="SignUpPageTests" time="2.999">
    <system-out><![CDATA[----------- Starting Test: Vicarius Empty Sign Up -------------
----------- Test: Vicarius Empty Sign Up Passed -------------
]]></system-out>
  </testcase>
  <testcase name="VicariusOption" classname="SignUpPageTests" time="0.723">
    <system-out><![CDATA[----------- Starting Test: Vicarius Option -------------
----------- Test: Vicarius Option Passed -------------
]]></system-out>
  </testcase>
  <testcase name="VicariusPasswordMismatch" classname="SignUpPageTests" time="8.219">
    <system-out><![CDATA[----------- Starting Test: Vicarius Password Mismatch -------------
----------- Test: Vicarius Password Mismatch Passed -------------
]]></system-out>
    <system-err><![CDATA[Mar 02, 2024 11:55:18 AM workflows.WebFlows signUp
INFO: Signing up user: Name: Victor Wolf, Email: vwolf@pack.com, Company: WolfPack
]]></system-err>
  </testcase>
  <testcase name="VicariusPasswordRules" classname="SignUpPageTests" time="34.427">
    <system-out><![CDATA[----------- Starting Test: Vicarius Password Rules -------------
----------- Test: Vicarius Password Rules Passed -------------
Failed to Delete File
]]></system-out>
    <system-err><![CDATA[Mar 02, 2024 11:55:27 AM workflows.WebFlows signUp
INFO: Signing up user: Name: Victor Wolf, Email: vwolf@pack.com, Company: WolfPack
]]></system-err>
  </testcase>
  <testcase name="VicariusFeaturesAndFAQ" classname="SignUpPageTests" time="1.18">
    <system-out><![CDATA[----------- Starting Test: Vicarius Features And F A Q -------------
----------- Test: Vicarius Features And F A Q Passed -------------
]]></system-out>
  </testcase>
  <testcase name="VicariusUIVisible" classname="SignUpPageTests" time="1.44">
    <system-out><![CDATA[----------- Starting Test: Vicarius U I Visible -------------
----------- Test: Vicarius U I Visible Passed -------------
]]></system-out>
  </testcase>
  <testcase name="VicariusChatWidget" classname="OverlayTests" time="13.2">
    <system-out><![CDATA[----------------- Ending Execution ---------------
----------------- Starting Execution ---------------
----------- Starting Test: Vicarius Chat Widget -------------
----------- Test: Vicarius Chat Widget Passed -------------
]]></system-out>
    <system-err><![CDATA[Mar 02, 2024 11:56:13 AM utilities.CommonOps switchToIFrame
INFO: Switching to iframe: #hubspot-conversations-iframe
Mar 02, 2024 11:56:15 AM workflows.WebFlows openChat
INFO: Chat Widget opened successfully.
Mar 02, 2024 11:56:26 AM workflows.WebFlows closeChat
INFO: Chat Widget closed successfully.
]]></system-err>
  </testcase>
  <testcase name="VicariusMouseCursor" classname="OverlayTests" time="2.673">
    <system-out><![CDATA[----------- Starting Test: Vicarius Mouse Cursor -------------
----------- Test: Vicarius Mouse Cursor Passed -------------
]]></system-out>
    <system-err><![CDATA[Mar 02, 2024 11:56:30 AM OverlayTests VicariusMouseCursor
INFO: Cursor style: translate: none; rotate: none; scale: none; transform: translate(1330px, 197px);
Mar 02, 2024 11:56:31 AM OverlayTests VicariusMouseCursor
INFO: Cursor style: translate: none; rotate: none; scale: none; transform: translate(120px, 50px);
]]></system-err>
  </testcase>
</testsuite>